<?xml version="1.0" encoding="UTF-8"?>
<!-- Generated by org.testng.reporters.JUnitReportReporter -->
<testsuite hostname="ws003lt0885prd" name="com.orange.tests.TestClass" tests="1" failures="0" timestamp="29 Aug 2015 06:53:13 GMT" time="39.132" errors="0">
  <testcase name="test1" time="39.132" classname="com.orange.tests.TestClass"/>
</testsuite> <!-- com.orange.tests.TestClass -->
